<?xml version="1.0" encoding="UTF-8"?>
<!-- Generated by org.testng.reporters.JUnitReportReporter -->
<testsuite hostname="DESKTOP-GQLF889" failures="0" tests="1" name="testcases.ItemIpodTxtReader" time="0.338" errors="0" timestamp="2020-12-21T18:26:39 EET" skipped="0">
  <testcase classname="testcases.ItemIpodTxtReader" name="itemIpodTxtReader" time="0.338"/>
  <system-out/>
</testsuite> <!-- testcases.ItemIpodTxtReader -->
