<?xml version="1.0" encoding="UTF-8"?>
<!-- Generated by org.testng.reporters.JUnitReportReporter -->
<testsuite hostname="DESKTOP-GQLF889" failures="0" tests="1" name="testcases.Ipod" time="6.019" errors="0" timestamp="2020-12-21T20:40:34 EET" skipped="0">
  <testcase classname="testcases.Ipod" name="openIpodNanoItem" time="6.019"/>
  <system-out/>
</testsuite> <!-- testcases.Ipod -->
