<?xml version="1.0" encoding="UTF-8"?>
<!-- Generated by org.testng.reporters.JUnitReportReporter -->
<testsuite hostname="DESKTOP-GQLF889" failures="0" tests="1" name="api.TestGorest" time="5.067" errors="0" timestamp="2020-12-21T19:54:17 EET" skipped="0">
  <testcase classname="api.TestGorest" name="f" time="5.067"/>
  <system-out/>
</testsuite> <!-- api.TestGorest -->
